\BOOKMARK [0][-]{chapter.1}{\376\377\0001\000\040\000A\000F\000H\000B\000A\0004\0000\0004}{}% 1
\BOOKMARK [1][-]{subsection.1.0.1}{\376\377\0001\000.\0000\000.\0001\000\040\0001\000.\000\040\000H\000a\000r\000d\000w\000a\000r\000e}{chapter.1}% 2
\BOOKMARK [2][-]{subsubsection.1.0.1.1}{\376\377\0001\000.\0000\000.\0001\000.\0001\000\040\0001\000.\0001\000\040\000H\000T\000S\000\040\000H\000i\000g\000h\000\040\000T\000h\000r\000o\000u\000g\000h\000p\000u\000t\000\040\000S\000t\000r\000e\000a\000m}{subsection.1.0.1}% 3
\BOOKMARK [3][-]{subsubsection.1.0.1.2}{\376\377\0001\000.\0000\000.\0001\000.\0002\000\040\0001\000.\0002\000\040\000L\000L\000C\000\040\000L\000o\000w\000\040\000L\000a\000t\000e\000n\000c\000y\000\040\000C\000o\000n\000t\000r\000o\000l}{subsubsection.1.0.1.1}% 4
\BOOKMARK [2][-]{subsection.1.0.2}{\376\377\0001\000.\0000\000.\0002\000\040\0002\000.\000\040\000D\000e\000v\000i\000c\000e\000\040\000d\000r\000i\000v\000e\000r}{subsection.1.0.1}% 5
\BOOKMARK [1][-]{section.1.1}{\376\377\0001\000.\0001\000\040\0003\000.\000\040\000C\000h\000e\000c\000k\000\040\000A\000F\000H\000B\000A\0004\0000\0004\000\040\000f\000i\000r\000m\000w\000a\000r\000e}{chapter.1}% 6
\BOOKMARK [2][-]{subsection.1.1.1}{\376\377\0001\000.\0001\000.\0001\000\040\0004\000.\000\040\000C\000h\000e\000c\000k\000\040\000C\000o\000n\000n\000e\000c\000t\000e\000d\000\040\000D\000e\000v\000i\000c\000e\000s}{section.1.1}% 7
\BOOKMARK [0][-]{chapter.2}{\376\377\0002\000\040\000A\000C\000Q\000P\000R\000O\000C\000-\000R\000E\000A\000D\000M\000E}{}% 8
\BOOKMARK [1][-]{section.2.1}{\376\377\0002\000.\0001\000\040\000A\000C\000Q\000P\000R\000O\000C\000:}{chapter.2}% 9
\BOOKMARK [1][-]{section.2.2}{\376\377\0002\000.\0002\000\040\000G\000l\000o\000s\000s\000a\000r\000y\000:}{chapter.2}% 10
\BOOKMARK [2][-]{subsection.2.2.1}{\376\377\0002\000.\0002\000.\0001\000\040\000V\000e\000c\000t\000o\000r\000s}{section.2.2}% 11
\BOOKMARK [2][-]{subsection.2.2.2}{\376\377\0002\000.\0002\000.\0002\000\040\000F\000i\000e\000l\000d\000s\000\040\000i\000n\000\040\000V\000e\000c\000t\000o\000r\000s}{section.2.2}% 12
\BOOKMARK [1][-]{section.2.3}{\376\377\0002\000.\0003\000\040\000s\000a\000m\000p\000l\000e\000\040\000c\000o\000n\000f\000i\000g\000\040\000f\000i\000l\000e\000,\000\040\000p\000c\000s\0001\000.\000j\000s\000o\000n}{chapter.2}% 13
\BOOKMARK [1][-]{section.2.4}{\376\377\0002\000.\0004\000\040\000T\000y\000p\000i\000c\000a\000l\000\040\000D\000u\000m\000m\000y\000\040\000R\000u\000n\000:}{chapter.2}% 14
\BOOKMARK [1][-]{section.2.5}{\376\377\0002\000.\0005\000\040\000r\000u\000n\000t\000i\000m\000e\000.\000j\000s\000o\000n\000\040\000:\000\040\000c\000o\000m\000p\000u\000t\000e\000d\000\040\000s\000y\000s\000t\000e\000m\000\040\000c\000o\000n\000f\000i\000g\000u\000r\000a\000t\000i\000o\000n}{chapter.2}% 15
\BOOKMARK [2][-]{subsection.2.5.1}{\376\377\0002\000.\0005\000.\0001\000\040\000A\000F\000H\000B\000A}{section.2.5}% 16
\BOOKMARK [2][-]{subsection.2.5.2}{\376\377\0002\000.\0005\000.\0002\000\040\000G\000L\000O\000B\000A\000L\000\137\000I\000N\000D\000I\000C\000E\000S}{section.2.5}% 17
\BOOKMARK [2][-]{subsection.2.5.3}{\376\377\0002\000.\0005\000.\0003\000\040\000L\000O\000C\000A\000L}{section.2.5}% 18
\BOOKMARK [1][-]{section.2.6}{\376\377\0002\000.\0006\000\040\000M\000o\000r\000e\000\040\000t\000o\000\040\000c\000o\000m\000e\000.\000.}{chapter.2}% 19
\BOOKMARK [0][-]{chapter.3}{\376\377\0003\000\040\000A\000C\000Q\000P\000R\000O\000C\000-\000R\000E\000A\000D\000M\000E}{}% 20
\BOOKMARK [0][-]{chapter.4}{\376\377\0004\000\040\000A\000C\000Q\000P\000R\000O\000C\000-\000R\000E\000A\000D\000M\000E}{}% 21
\BOOKMARK [1][-]{section.4.1}{\376\377\0004\000.\0001\000\040\000A\000C\000Q\000P\000R\000O\000C\000:}{chapter.4}% 22
\BOOKMARK [1][-]{section.4.2}{\376\377\0004\000.\0002\000\040\000G\000l\000o\000s\000s\000a\000r\000y\000:}{chapter.4}% 23
\BOOKMARK [2][-]{subsection.4.2.1}{\376\377\0004\000.\0002\000.\0001\000\040\000V\000e\000c\000t\000o\000r\000s}{section.4.2}% 24
\BOOKMARK [2][-]{subsection.4.2.2}{\376\377\0004\000.\0002\000.\0002\000\040\000F\000i\00